2019-04-01 23:13:37,039 INFO o.a.j.u.JMeterUtils: Setting Locale to en_US
2019-04-01 23:13:37,061 INFO o.a.j.JMeter: Loading user properties from: /Users/arun/Downloads/apache-jmeter-5.1.1/bin/user.properties
2019-04-01 23:13:37,062 INFO o.a.j.JMeter: Loading system properties from: /Users/arun/Downloads/apache-jmeter-5.1.1/bin/system.properties
2019-04-01 23:13:37,067 INFO o.a.j.JMeter: Copyright (c) 1998-2019 The Apache Software Foundation
2019-04-01 23:13:37,067 INFO o.a.j.JMeter: Version 5.1.1 r1855137
2019-04-01 23:13:37,067 INFO o.a.j.JMeter: java.version=1.8.0_65
2019-04-01 23:13:37,067 INFO o.a.j.JMeter: java.vm.name=Java HotSpot(TM) 64-Bit Server VM
2019-04-01 23:13:37,067 INFO o.a.j.JMeter: os.name=Mac OS X
2019-04-01 23:13:37,067 INFO o.a.j.JMeter: os.arch=x86_64
2019-04-01 23:13:37,067 INFO o.a.j.JMeter: os.version=10.14.1
2019-04-01 23:13:37,067 INFO o.a.j.JMeter: file.encoding=UTF-8
2019-04-01 23:13:37,067 INFO o.a.j.JMeter: java.awt.headless=true
2019-04-01 23:13:37,067 INFO o.a.j.JMeter: Max memory     =3817865216
2019-04-01 23:13:37,067 INFO o.a.j.JMeter: Available Processors =8
2019-04-01 23:13:37,071 INFO o.a.j.JMeter: Default Locale=English (United States)
2019-04-01 23:13:37,071 INFO o.a.j.JMeter: JMeter  Locale=English (United States)
2019-04-01 23:13:37,071 INFO o.a.j.JMeter: JMeterHome=/Users/arun/Downloads/apache-jmeter-5.1.1
2019-04-01 23:13:37,071 INFO o.a.j.JMeter: user.dir  =/Users/arun/training/ericsson/DevOps-Pipeline/gatling-basic-demo
2019-04-01 23:13:37,072 INFO o.a.j.JMeter: PWD       =/Users/arun/training/ericsson/DevOps-Pipeline/gatling-basic-demo
2019-04-01 23:13:37,077 INFO o.a.j.JMeter: IP: 192.168.43.137 Name: kaushiki FullName: kaushiki
2019-04-01 23:13:37,080 INFO o.a.j.JMeter: Setting property 'jmeter.reportgenerator.outputdir' to:'/Users/arun/training/ericsson/DevOps-Pipeline/gatling-basic-demo/./jmeter'
2019-04-01 23:13:37,082 INFO o.a.j.s.FileServer: Default base='/Users/arun/training/ericsson/DevOps-Pipeline/gatling-basic-demo'
2019-04-01 23:13:37,085 INFO o.a.j.s.FileServer: Set new base='/Users/arun/training/ericsson/DevOps-Pipeline/gatling-basic-demo/.'
2019-04-01 23:13:37,220 INFO o.a.j.s.SaveService: Testplan (JMX) version: 2.2. Testlog (JTL) version: 2.2
2019-04-01 23:13:37,238 INFO o.a.j.s.SaveService: Using SaveService properties file encoding UTF-8
2019-04-01 23:13:37,242 INFO o.a.j.s.SaveService: Using SaveService properties version 5.0
2019-04-01 23:13:37,247 INFO o.a.j.s.SaveService: Loading file: ./HOMEPAGE.jmx
2019-04-01 23:13:37,289 INFO o.a.j.p.h.c.CookieManager: Settings: Delete null: true Check: true Allow variable: true Save: false Prefix: COOKIE_
2019-04-01 23:13:37,292 INFO o.a.j.p.h.c.CacheManager: Will only cache the following methods: [GET]
2019-04-01 23:13:37,306 INFO o.a.j.p.h.s.HTTPSamplerBase: Parser for text/html is org.apache.jmeter.protocol.http.parser.LagartoBasedHtmlParser
2019-04-01 23:13:37,306 INFO o.a.j.p.h.s.HTTPSamplerBase: Parser for application/xhtml+xml is org.apache.jmeter.protocol.http.parser.LagartoBasedHtmlParser
2019-04-01 23:13:37,306 INFO o.a.j.p.h.s.HTTPSamplerBase: Parser for application/xml is org.apache.jmeter.protocol.http.parser.LagartoBasedHtmlParser
2019-04-01 23:13:37,306 INFO o.a.j.p.h.s.HTTPSamplerBase: Parser for text/xml is org.apache.jmeter.protocol.http.parser.LagartoBasedHtmlParser
2019-04-01 23:13:37,306 INFO o.a.j.p.h.s.HTTPSamplerBase: Parser for text/vnd.wap.wml is org.apache.jmeter.protocol.http.parser.RegexpHTMLParser
2019-04-01 23:13:37,306 INFO o.a.j.p.h.s.HTTPSamplerBase: Parser for text/css is org.apache.jmeter.protocol.http.parser.CssParser
2019-04-01 23:13:37,341 INFO o.a.j.JMeter: Creating summariser <summary>
2019-04-01 23:13:37,346 INFO o.a.j.r.d.ReportGenerator: ReportGenerator will use for Parsing the separator: ','
2019-04-01 23:13:37,347 INFO o.a.j.r.d.ReportGenerator: Will generate report at end of test from  results file: ./result.jtl
2019-04-01 23:13:37,347 INFO o.a.j.r.d.ReportGenerator: Reading report generator properties from: /Users/arun/Downloads/apache-jmeter-5.1.1/bin/reportgenerator.properties
2019-04-01 23:13:37,349 INFO o.a.j.r.d.ReportGenerator: Merging with JMeter properties
2019-04-01 23:13:37,355 INFO o.a.j.r.c.ReportGeneratorConfiguration: Property 'jmeter.reportgenerator.temp_dir' not found, using default value 'temp' instead.
2019-04-01 23:13:37,358 INFO o.a.j.r.c.ReportGeneratorConfiguration: Property 'jmeter.reportgenerator.apdex_per_transaction' not found, using default value 'null' instead.
2019-04-01 23:13:37,358 INFO o.a.j.r.c.ReportGeneratorConfiguration: apdex_per_transaction : {} is empty, not APDEX per transaction customization
2019-04-01 23:13:37,358 INFO o.a.j.r.c.ReportGeneratorConfiguration: Property 'jmeter.reportgenerator.sample_filter' not found, using default value 'null' instead.
2019-04-01 23:13:37,358 INFO o.a.j.r.c.ReportGeneratorConfiguration: Property 'jmeter.reportgenerator.report_title' not found, using default value 'null' instead.
2019-04-01 23:13:37,358 INFO o.a.j.r.c.ReportGeneratorConfiguration: Property 'jmeter.reportgenerator.start_date' not found, using default value 'null' instead.
2019-04-01 23:13:37,358 INFO o.a.j.r.c.ReportGeneratorConfiguration: Property 'jmeter.reportgenerator.end_date' not found, using default value 'null' instead.
2019-04-01 23:13:37,358 INFO o.a.j.r.c.ReportGeneratorConfiguration: Property 'jmeter.reportgenerator.date_format' not found, using default value 'null' instead.
2019-04-01 23:13:37,359 INFO o.a.j.r.c.ReportGeneratorConfiguration: Will use date range start date: null, end date: null
2019-04-01 23:13:37,364 INFO o.a.j.r.c.ReportGeneratorConfiguration: Property 'jmeter.reportgenerator.graph.totalTPS.exclude_controllers' not found, using default value 'false' instead.
2019-04-01 23:13:37,364 INFO o.a.j.r.c.ReportGeneratorConfiguration: Property 'jmeter.reportgenerator.graph.activeThreadsOverTime.exclude_controllers' not found, using default value 'false' instead.
2019-04-01 23:13:37,364 INFO o.a.j.r.c.ReportGeneratorConfiguration: Property 'jmeter.reportgenerator.graph.timeVsThreads.exclude_controllers' not found, using default value 'false' instead.
2019-04-01 23:13:37,365 INFO o.a.j.r.c.ReportGeneratorConfiguration: Property 'jmeter.reportgenerator.graph.responseTimeDistribution.exclude_controllers' not found, using default value 'false' instead.
2019-04-01 23:13:37,365 INFO o.a.j.r.c.ReportGeneratorConfiguration: Property 'jmeter.reportgenerator.graph.transactionsPerSecond.exclude_controllers' not found, using default value 'false' instead.
2019-04-01 23:13:37,365 INFO o.a.j.r.c.ReportGeneratorConfiguration: Property 'jmeter.reportgenerator.graph.responseTimePercentiles.exclude_controllers' not found, using default value 'false' instead.
2019-04-01 23:13:37,365 INFO o.a.j.r.c.ReportGeneratorConfiguration: Property 'jmeter.reportgenerator.graph.responseTimePercentilesOverTime.exclude_controllers' not found, using default value 'false' instead.
2019-04-01 23:13:37,365 INFO o.a.j.r.c.ReportGeneratorConfiguration: Property 'jmeter.reportgenerator.graph.responseTimesOverTime.exclude_controllers' not found, using default value 'false' instead.
2019-04-01 23:13:37,365 INFO o.a.j.r.c.ReportGeneratorConfiguration: Property 'jmeter.reportgenerator.graph.connectTimeOverTime.exclude_controllers' not found, using default value 'false' instead.
2019-04-01 23:13:37,365 INFO o.a.j.r.c.ReportGeneratorConfiguration: Property 'jmeter.reportgenerator.graph.latenciesOverTime.exclude_controllers' not found, using default value 'false' instead.
2019-04-01 23:13:37,366 INFO o.a.j.r.c.ReportGeneratorConfiguration: Property 'jmeter.reportgenerator.exporter.json.filters_only_sample_series' not found, using default value 'true' instead.
2019-04-01 23:13:37,366 INFO o.a.j.r.c.ReportGeneratorConfiguration: Property 'jmeter.reportgenerator.exporter.json.series_filter' not found, using default value '' instead.
2019-04-01 23:13:37,366 INFO o.a.j.r.c.ReportGeneratorConfiguration: Property 'jmeter.reportgenerator.exporter.json.show_controllers_only' not found, using default value 'false' instead.
2019-04-01 23:13:37,367 INFO o.a.j.r.c.ReportGeneratorConfiguration: Property 'jmeter.reportgenerator.exporter.html.filters_only_sample_series' not found, using default value 'true' instead.
2019-04-01 23:13:37,367 INFO o.a.j.r.c.ReportGeneratorConfiguration: Property 'jmeter.reportgenerator.exporter.html.series_filter' not found, using default value '' instead.
2019-04-01 23:13:37,367 INFO o.a.j.r.c.ReportGeneratorConfiguration: Property 'jmeter.reportgenerator.exporter.html.show_controllers_only' not found, using default value 'false' instead.
2019-04-01 23:13:37,371 INFO o.a.j.e.StandardJMeterEngine: Running the test!
2019-04-01 23:13:37,372 INFO o.a.j.s.SampleEvent: List of sample_variables: []
2019-04-01 23:13:37,372 INFO o.a.j.s.SampleEvent: List of sample_variables: []
2019-04-01 23:13:37,377 INFO o.a.j.e.u.CompoundVariable: Note: Function class names must contain the string: '.functions.'
2019-04-01 23:13:37,377 INFO o.a.j.e.u.CompoundVariable: Note: Function class names must not contain the string: '.gui.'
2019-04-01 23:13:37,708 INFO o.a.j.JMeter: Running test (1554140617708)
2019-04-01 23:13:37,773 INFO o.a.j.e.StandardJMeterEngine: Starting ThreadGroup: 1 : Thread Group
2019-04-01 23:13:37,773 INFO o.a.j.e.StandardJMeterEngine: Starting 1 threads for group Thread Group.
2019-04-01 23:13:37,773 INFO o.a.j.e.StandardJMeterEngine: Thread will continue on error
2019-04-01 23:13:37,774 INFO o.a.j.t.ThreadGroup: Starting thread group... number=1 threads=1 ramp-up=1 delayedStart=false
2019-04-01 23:13:37,779 INFO o.a.j.t.ThreadGroup: Started thread group number 1
2019-04-01 23:13:37,779 INFO o.a.j.e.StandardJMeterEngine: All thread groups have been started
2019-04-01 23:13:37,782 INFO o.a.j.s.SampleResult: Note: Sample TimeStamps are START times
2019-04-01 23:13:37,782 INFO o.a.j.s.SampleResult: sampleresult.default.encoding is set to ISO-8859-1
2019-04-01 23:13:37,782 INFO o.a.j.s.SampleResult: sampleresult.useNanoTime=true
2019-04-01 23:13:37,782 INFO o.a.j.s.SampleResult: sampleresult.nanoThreadSleep=5000
2019-04-01 23:13:37,784 INFO o.a.j.t.JMeterThread: Thread started: Thread Group 1-1
2019-04-01 23:13:37,797 INFO o.a.j.p.h.s.HTTPHCAbstractImpl: Local host = kaushiki
2019-04-01 23:13:37,802 INFO o.a.j.p.h.s.HTTPHC4Impl: HTTP request retry count = 0
2019-04-01 23:13:37,888 INFO o.a.j.p.h.p.BaseParser: Created org.apache.jmeter.protocol.http.parser.LagartoBasedHtmlParser
2019-04-01 23:13:37,916 INFO o.a.j.p.h.s.ResourcesDownloader: Creating ResourcesDownloader with keepalive_inseconds : 60
2019-04-01 23:13:37,947 INFO o.a.j.p.h.p.BaseParser: Created org.apache.jmeter.protocol.http.parser.CssParser
2019-04-01 23:14:00,088 INFO o.a.j.r.Summariser: summary +      3 in 00:00:22 =    0.1/s Avg:    35 Min:     8 Max:    81 Err:     0 (0.00%) Active: 1 Started: 1 Finished: 0
2019-04-01 23:14:39,025 INFO o.a.j.t.JMeterThread: Thread is done: Thread Group 1-1
2019-04-01 23:14:39,025 INFO o.a.j.t.JMeterThread: Thread finished: Thread Group 1-1
2019-04-01 23:14:39,025 INFO o.a.j.e.StandardJMeterEngine: Notifying test listeners of end of test
2019-04-01 23:14:39,026 INFO o.a.j.r.Summariser: summary +      4 in 00:00:39 =    0.1/s Avg:     9 Min:     9 Max:    10 Err:     0 (0.00%) Active: 0 Started: 1 Finished: 1
2019-04-01 23:14:39,026 INFO o.a.j.r.Summariser: summary =      7 in 00:01:01 =    0.1/s Avg:    20 Min:     8 Max:    81 Err:     0 (0.00%)
2019-04-01 23:14:39,027 INFO o.a.j.JMeter: Generating Dashboard
2019-04-01 23:14:39,027 INFO o.a.j.r.d.ReportGenerator: Flushing result collector before report Generation
2019-04-01 23:14:39,033 INFO o.a.j.r.p.NormalizerSampleConsumer: Using format, 'ms', to parse timeStamp field
2019-04-01 23:14:39,100 INFO o.a.j.r.p.AbstractSampleConsumer: class org.apache.jmeter.report.processor.AggregateConsumer#stopProducing(): beginDate produced 0 samples
2019-04-01 23:14:39,100 INFO o.a.j.r.p.AbstractSampleConsumer: class org.apache.jmeter.report.processor.AggregateConsumer#stopProducing(): endDate produced 0 samples
2019-04-01 23:14:39,102 INFO o.a.j.r.p.AbstractSampleConsumer: class org.apache.jmeter.report.processor.ApdexSummaryConsumer#stopProducing(): apdexSummary produced 0 samples
2019-04-01 23:14:39,102 INFO o.a.j.r.p.AbstractSampleConsumer: class org.apache.jmeter.report.processor.RequestsSummaryConsumer#stopProducing(): requestsSummary produced 0 samples
2019-04-01 23:14:39,107 INFO o.a.j.r.p.AbstractSampleConsumer: class org.apache.jmeter.report.processor.StatisticsSummaryConsumer#stopProducing(): statisticsSummary produced 0 samples
2019-04-01 23:14:39,111 INFO o.a.j.r.p.AbstractSampleConsumer: class org.apache.jmeter.report.processor.Top5ErrorsBySamplerConsumer#stopProducing(): top5ErrorsBySampler produced 0 samples
2019-04-01 23:14:39,111 INFO o.a.j.r.p.AbstractSampleConsumer: class org.apache.jmeter.report.processor.ErrorsSummaryConsumer#stopProducing(): errorsSummary produced 0 samples
2019-04-01 23:14:39,111 INFO o.a.j.r.p.AbstractSampleConsumer: class org.apache.jmeter.report.processor.graph.impl.HitsPerSecondGraphConsumer#stopProducing(): hitsPerSecond produced 0 samples
2019-04-01 23:14:39,120 INFO o.a.j.r.p.AbstractSampleConsumer: class org.apache.jmeter.report.processor.graph.impl.LatencyVSRequestGraphConsumer#stopProducing(): latencyVsRequest produced 0 samples
2019-04-01 23:14:39,120 INFO o.a.j.r.p.AbstractSampleConsumer: class org.apache.jmeter.report.processor.graph.impl.SyntheticResponseTimeDistributionGraphConsumer#stopProducing(): syntheticResponseTimeDistribution produced 0 samples
2019-04-01 23:14:39,120 INFO o.a.j.r.p.AbstractSampleConsumer: class org.apache.jmeter.report.processor.graph.impl.BytesThroughputGraphConsumer#stopProducing(): bytesThroughputOverTime produced 0 samples
2019-04-01 23:14:39,120 INFO o.a.j.r.p.AbstractSampleConsumer: class org.apache.jmeter.report.processor.graph.impl.CodesPerSecondGraphConsumer#stopProducing(): codesPerSecond produced 0 samples
2019-04-01 23:14:39,130 INFO o.a.j.r.p.AbstractSampleConsumer: class org.apache.jmeter.report.processor.graph.impl.ResponseTimeVSRequestGraphConsumer#stopProducing(): responseTimeVsRequest produced 0 samples
2019-04-01 23:14:39,130 INFO o.a.j.r.p.AbstractSampleConsumer: class org.apache.jmeter.report.processor.FilterConsumer#stopProducing(): startIntervalControlerFilter produced 147 samples
2019-04-01 23:14:39,130 INFO o.a.j.r.p.AbstractSampleConsumer: class org.apache.jmeter.report.processor.graph.impl.TotalTPSGraphConsumer#stopProducing(): totalTPS produced 0 samples
2019-04-01 23:14:39,131 INFO o.a.j.r.p.AbstractSampleConsumer: class org.apache.jmeter.report.processor.graph.impl.ActiveThreadsGraphConsumer#stopProducing(): activeThreadsOverTime produced 0 samples
2019-04-01 23:14:39,131 INFO o.a.j.r.p.AbstractSampleConsumer: class org.apache.jmeter.report.processor.graph.impl.TimeVSThreadGraphConsumer#stopProducing(): timeVsThreads produced 0 samples
2019-04-01 23:14:39,132 INFO o.a.j.r.p.AbstractSampleConsumer: class org.apache.jmeter.report.processor.graph.impl.ResponseTimeDistributionGraphConsumer#stopProducing(): responseTimeDistribution produced 0 samples
2019-04-01 23:14:39,132 INFO o.a.j.r.p.AbstractSampleConsumer: class org.apache.jmeter.report.processor.graph.impl.TransactionsPerSecondGraphConsumer#stopProducing(): transactionsPerSecond produced 0 samples
2019-04-01 23:14:39,132 INFO o.a.j.r.p.AbstractSampleConsumer: class org.apache.jmeter.report.processor.graph.impl.ResponseTimePercentilesGraphConsumer#stopProducing(): responseTimePercentiles produced 0 samples
2019-04-01 23:14:39,138 INFO o.a.j.r.p.AbstractSampleConsumer: class org.apache.jmeter.report.processor.graph.impl.ResponseTimePercentilesOverTimeGraphConsumer#stopProducing(): responseTimePercentilesOverTime produced 0 samples
2019-04-01 23:14:39,138 INFO o.a.j.r.p.AbstractSampleConsumer: class org.apache.jmeter.report.processor.graph.impl.ResponseTimeOverTimeGraphConsumer#stopProducing(): responseTimesOverTime produced 0 samples
2019-04-01 23:14:39,138 INFO o.a.j.r.p.AbstractSampleConsumer: class org.apache.jmeter.report.processor.graph.impl.ConnectTimeOverTimeGraphConsumer#stopProducing(): connectTimeOverTime produced 0 samples
2019-04-01 23:14:39,139 INFO o.a.j.r.p.AbstractSampleConsumer: class org.apache.jmeter.report.processor.graph.impl.LatencyOverTimeGraphConsumer#stopProducing(): latenciesOverTime produced 0 samples
2019-04-01 23:14:39,139 INFO o.a.j.r.p.AbstractSampleConsumer: class org.apache.jmeter.report.processor.FilterConsumer#stopProducing(): nameFilter produced 375 samples
2019-04-01 23:14:39,139 INFO o.a.j.r.p.AbstractSampleConsumer: class org.apache.jmeter.report.processor.FilterConsumer#stopProducing(): dateRangeFilter produced 75 samples
2019-04-01 23:14:39,139 INFO o.a.j.r.p.AbstractSampleConsumer: class org.apache.jmeter.report.processor.NormalizerSampleConsumer#stopProducing(): normalizer produced 25 samples
2019-04-01 23:14:39,139 INFO o.a.j.r.p.CsvFileSampleSource: produce(): 25 samples produced in 84ms on channel 0
2019-04-01 23:14:39,139 INFO o.a.j.r.d.ReportGenerator: Exporting data using exporter:'json' of className:'org.apache.jmeter.report.dashboard.JsonExporter'
2019-04-01 23:14:39,141 INFO o.a.j.r.d.JsonExporter: Found data for consumer statisticsSummary in context
2019-04-01 23:14:39,141 INFO o.a.j.r.d.JsonExporter: Creating statistics for overall
2019-04-01 23:14:39,142 INFO o.a.j.r.d.JsonExporter: Creating statistics for other transactions
2019-04-01 23:14:39,143 INFO o.a.j.r.d.JsonExporter: Checking output folder
2019-04-01 23:14:39,143 INFO o.a.j.r.d.JsonExporter: Writing statistics JSON to /Users/arun/training/ericsson/DevOps-Pipeline/gatling-basic-demo/./jmeter/statistics.json
2019-04-01 23:14:39,358 INFO o.a.j.r.d.ReportGenerator: Exporting data using exporter:'html' of className:'org.apache.jmeter.report.dashboard.HtmlTemplateExporter'
2019-04-01 23:14:39,360 INFO o.a.j.r.d.HtmlTemplateExporter: Will generate dashboard in folder: /Users/arun/training/ericsson/DevOps-Pipeline/gatling-basic-demo/./jmeter
2019-04-01 23:14:39,471 INFO o.a.j.r.d.HtmlTemplateExporter: Report will be generated in: /Users/arun/training/ericsson/DevOps-Pipeline/gatling-basic-demo/./jmeter, creating folder structure
2019-04-01 23:14:39,478 INFO o.a.j.r.d.TemplateVisitor: Copying folder from '/Users/arun/Downloads/apache-jmeter-5.1.1/bin/report-template' to '/Users/arun/training/ericsson/DevOps-Pipeline/gatling-basic-demo/./jmeter', got message:[/Users/arun/training/ericsson/DevOps-Pipeline/gatling-basic-demo/./jmeter/statistics.json], found non empty folder with following content {}, will be ignored
2019-04-01 23:14:39,827 INFO o.a.j.JMeter: Dashboard generated
